<?xml version="1.0" encoding="UTF-8"?>
<!-- Generated by org.testng.reporters.JUnitXMLReporter -->
<testsuite ignored="2" hostname="DESKTOP-RA7U0ME" failures="0" tests="7" name="Test" time="5.86" errors="0" timestamp="2024-01-23T15:33:20 IST">
  <testcase classname="com.TestNG.DemotestNG3" name="runSeventhTest" time="0.011"/>
  <testcase classname="com.TestNG.DemotestNG3" name="runsixthTest" time="0.021"/>
  <testcase classname="com.TestNG.DemoTest" name="runFirstTest" time="0.002"/>
  <testcase classname="com.TestNG.DemoTest" name="runThreeTest" time="0.008"/>
  <testcase classname="com.TestNG.DemoTest" name="runTwoTest" time="0.012"/>
  <testcase classname="com.TestNG.DemoTest2" name="runFifthTest" time="0.004"/>
  <testcase classname="com.TestNG.DemoTest2" name="runFourthTest" time="0.008"/>
  <testcase classname="genericUtilities.BaseClass" name="@AfterSuite closingDB" time="0.0">
    <ignored/>
  </testcase> <!-- @AfterSuite closingDB -->
  <testcase classname="genericUtilities.BaseClass" name="@BeforeSuite ConfigureDB" time="0.0">
    <ignored/>
  </testcase> <!-- @BeforeSuite ConfigureDB -->
</testsuite> <!-- Test -->
